<?xml version="1.0" encoding="UTF-8"?>
<testsuite xmlns:xsi="http://www.w3.org/2001/XMLSchema-instance" xsi:noNamespaceSchemaLocation="https://maven.apache.org/surefire/maven-surefire-plugin/xsd/surefire-test-report-3.0.xsd" version="3.0" name="com.code.ExampleTest" time="6.63" tests="15" errors="0" skipped="0" failures="0">
  <properties>
[...]
</properties>
  <testcase name="testContarLetrasA" classname="com.code.ExampleTest" time="0.705"/>
  <testcase name="testEsPrimo" classname="com.code.ExampleTest" time="0.062"/>
  <testcase name="testMensajeConRetraso" classname="com.code.ExampleTest" time="5.083"/>
  <testcase name="testSumar" classname="com.code.ExampleTest" time="0.011"/>
  <testcase name="testConvertirListaAString" classname="com.code.ExampleTest" time="0.022"/>
  <testcase name="testEsPrimoMenor1" classname="com.code.ExampleTest" time="0.021"/>
  <testcase name="testFactorial" classname="com.code.ExampleTest" time="0.02"/>
  <testcase name="testCalcularMediaListaVacia" classname="com.code.ExampleTest" time="0.038"/>
  <testcase name="testConvertirAString" classname="com.code.ExampleTest" time="0.013"/>
  <testcase name="testCheckPositivo" classname="com.code.ExampleTest" time="0.008"/>
  <testcase name="testRevertirCadena" classname="com.code.ExampleTest" time="0.016"/>
  <testcase name="testCalcularMedia" classname="com.code.ExampleTest" time="0.024"/>
  <testcase name="testEsPrimoFalse" classname="com.code.ExampleTest" time="0.018"/>
  <testcase name="testFactorialNegativo" classname="com.code.ExampleTest" time="0.042"/>
  <testcase name="testContieneElemento" classname="com.code.ExampleTest" time="0.008"/>
</testsuite>